 - [INFO ] 2020-11-11T09:43:42.421Z [main] JuojApplication - Starting JuojApplication on LAPTOP-K6PFB38N with PID 4160 (C:\Users\skdav\OneDrive\Desktop\juoj\target\classes started by skdav in C:\Users\skdav\OneDrive\Desktop\juoj)
 - [INFO ] 2020-11-11T09:43:42.428Z [main] JuojApplication - No active profile set, falling back to default profiles: default
 - [INFO ] 2020-11-11T09:43:43.494Z [main] RepositoryConfigurationDelegate - Multiple Spring Data modules found, entering strict repository configuration mode!
 - [INFO ] 2020-11-11T09:43:43.498Z [main] RepositoryConfigurationDelegate - Bootstrapping Spring Data JPA repositories in DEFERRED mode.
 - [INFO ] 2020-11-11T09:43:43.522Z [main] RepositoryConfigurationDelegate - Finished Spring Data repository scanning in 15ms. Found 0 JPA repository interfaces.
 - [INFO ] 2020-11-11T09:43:44.460Z [main] TomcatWebServer - Tomcat initialized with port(s): 8080 (http)
 - [INFO ] 2020-11-11T09:43:44.473Z [main] Http11NioProtocol - Initializing ProtocolHandler ["http-nio-8080"]
 - [INFO ] 2020-11-11T09:43:44.474Z [main] StandardService - Starting service [Tomcat]
 - [INFO ] 2020-11-11T09:43:44.474Z [main] StandardEngine - Starting Servlet engine: [Apache Tomcat/9.0.39]
 - [INFO ] 2020-11-11T09:43:44.596Z [main] [/] - Initializing Spring embedded WebApplicationContext
 - [INFO ] 2020-11-11T09:43:44.597Z [main] ServletWebServerApplicationContext - Root WebApplicationContext: initialization completed in 2128 ms
 - [WARN ] 2020-11-11T09:43:44.841Z [main] AnnotationConfigServletWebServerApplicationContext - Exception encountered during context initialization - cancelling refresh attempt: org.springframework.beans.factory.UnsatisfiedDependencyException: Error creating bean with name 'org.springframework.boot.autoconfigure.orm.jpa.HibernateJpaConfiguration': Unsatisfied dependency expressed through constructor parameter 0; nested exception is org.springframework.beans.factory.BeanCreationException: Error creating bean with name 'dataSource' defined in class path resource [org/springframework/boot/autoconfigure/jdbc/DataSourceConfiguration$Hikari.class]: Bean instantiation via factory method failed; nested exception is org.springframework.beans.BeanInstantiationException: Failed to instantiate [com.zaxxer.hikari.HikariDataSource]: Factory method 'dataSource' threw exception; nested exception is org.springframework.boot.autoconfigure.jdbc.DataSourceProperties$DataSourceBeanCreationException: Failed to determine a suitable driver class
 - [INFO ] 2020-11-11T09:43:44.848Z [main] StandardService - Stopping service [Tomcat]
 - [INFO ] 2020-11-11T09:43:44.869Z [main] ConditionEvaluationReportLoggingListener - 

Error starting ApplicationContext. To display the conditions report re-run your application with 'debug' enabled.
 - [ERROR] 2020-11-11T09:43:44.872Z [main] LoggingFailureAnalysisReporter - 

***************************
APPLICATION FAILED TO START
***************************

Description:

Failed to configure a DataSource: 'url' attribute is not specified and no embedded datasource could be configured.

Reason: Failed to determine a suitable driver class


Action:

Consider the following:
	If you want an embedded database (H2, HSQL or Derby), please put it on the classpath.
	If you have database settings to be loaded from a particular profile you may need to activate it (no profiles are currently active).

 - [INFO ] 2020-11-11T09:46:08.769Z [main] JuojApplication - Starting JuojApplication on LAPTOP-K6PFB38N with PID 12356 (C:\Users\skdav\OneDrive\Desktop\juoj\target\classes started by skdav in C:\Users\skdav\OneDrive\Desktop\juoj)
 - [INFO ] 2020-11-11T09:46:08.781Z [main] JuojApplication - No active profile set, falling back to default profiles: default
 - [INFO ] 2020-11-11T09:46:10.682Z [main] TomcatWebServer - Tomcat initialized with port(s): 8080 (http)
 - [INFO ] 2020-11-11T09:46:10.705Z [main] Http11NioProtocol - Initializing ProtocolHandler ["http-nio-8080"]
 - [INFO ] 2020-11-11T09:46:10.706Z [main] StandardService - Starting service [Tomcat]
 - [INFO ] 2020-11-11T09:46:10.707Z [main] StandardEngine - Starting Servlet engine: [Apache Tomcat/9.0.39]
 - [INFO ] 2020-11-11T09:46:10.834Z [main] [/] - Initializing Spring embedded WebApplicationContext
 - [INFO ] 2020-11-11T09:46:10.834Z [main] ServletWebServerApplicationContext - Root WebApplicationContext: initialization completed in 1980 ms
 - [INFO ] 2020-11-11T09:46:11.225Z [main] ThreadPoolTaskExecutor - Initializing ExecutorService 'applicationTaskExecutor'
 - [INFO ] 2020-11-11T09:46:11.613Z [main] EndpointLinksResolver - Exposing 2 endpoint(s) beneath base path '/actuator'
 - [INFO ] 2020-11-11T09:46:11.644Z [main] Http11NioProtocol - Starting ProtocolHandler ["http-nio-8080"]
 - [WARN ] 2020-11-11T09:46:11.661Z [main] AnnotationConfigServletWebServerApplicationContext - Exception encountered during context initialization - cancelling refresh attempt: org.springframework.context.ApplicationContextException: Failed to start bean 'webServerStartStop'; nested exception is org.springframework.boot.web.server.PortInUseException: Port 8080 is already in use
 - [INFO ] 2020-11-11T09:46:11.663Z [main] ThreadPoolTaskExecutor - Shutting down ExecutorService 'applicationTaskExecutor'
 - [INFO ] 2020-11-11T09:46:11.671Z [main] Http11NioProtocol - Pausing ProtocolHandler ["http-nio-8080"]
 - [INFO ] 2020-11-11T09:46:11.671Z [main] StandardService - Stopping service [Tomcat]
 - [INFO ] 2020-11-11T09:46:11.681Z [main] Http11NioProtocol - Stopping ProtocolHandler ["http-nio-8080"]
 - [INFO ] 2020-11-11T09:46:11.682Z [main] Http11NioProtocol - Destroying ProtocolHandler ["http-nio-8080"]
 - [INFO ] 2020-11-11T09:46:11.693Z [main] ConditionEvaluationReportLoggingListener - 

Error starting ApplicationContext. To display the conditions report re-run your application with 'debug' enabled.
 - [ERROR] 2020-11-11T09:46:11.696Z [main] LoggingFailureAnalysisReporter - 

***************************
APPLICATION FAILED TO START
***************************

Description:

Web server failed to start. Port 8080 was already in use.

Action:

Identify and stop the process that's listening on port 8080 or configure this application to listen on another port.

 - [INFO ] 2020-11-11T09:49:55.217Z [main] JuojApplication - Starting JuojApplication on LAPTOP-K6PFB38N with PID 14440 (C:\Users\skdav\OneDrive\Desktop\juoj\target\classes started by skdav in C:\Users\skdav\OneDrive\Desktop\juoj)
 - [INFO ] 2020-11-11T09:49:55.247Z [main] JuojApplication - No active profile set, falling back to default profiles: default
 - [INFO ] 2020-11-11T09:49:57.017Z [main] TomcatWebServer - Tomcat initialized with port(s): 8080 (http)
 - [INFO ] 2020-11-11T09:49:57.035Z [main] Http11NioProtocol - Initializing ProtocolHandler ["http-nio-8080"]
 - [INFO ] 2020-11-11T09:49:57.036Z [main] StandardService - Starting service [Tomcat]
 - [INFO ] 2020-11-11T09:49:57.037Z [main] StandardEngine - Starting Servlet engine: [Apache Tomcat/9.0.39]
 - [INFO ] 2020-11-11T09:49:57.168Z [main] [/] - Initializing Spring embedded WebApplicationContext
 - [INFO ] 2020-11-11T09:49:57.168Z [main] ServletWebServerApplicationContext - Root WebApplicationContext: initialization completed in 1830 ms
 - [INFO ] 2020-11-11T09:49:57.539Z [main] ThreadPoolTaskExecutor - Initializing ExecutorService 'applicationTaskExecutor'
 - [INFO ] 2020-11-11T09:49:57.917Z [main] EndpointLinksResolver - Exposing 2 endpoint(s) beneath base path '/actuator'
 - [INFO ] 2020-11-11T09:49:57.950Z [main] Http11NioProtocol - Starting ProtocolHandler ["http-nio-8080"]
 - [INFO ] 2020-11-11T09:49:57.981Z [main] TomcatWebServer - Tomcat started on port(s): 8080 (http) with context path ''
 - [INFO ] 2020-11-11T09:49:57.996Z [main] JuojApplication - Started JuojApplication in 3.358 seconds (JVM running for 4.802)
 - [INFO ] 2020-11-11T14:37:26.925Z [main] JuojApplication - Starting JuojApplication on LAPTOP-K6PFB38N with PID 2588 (C:\Users\skdav\OneDrive\Desktop\work\juoj\target\classes started by skdav in C:\Users\skdav\OneDrive\Desktop\work\juoj)
 - [INFO ] 2020-11-11T14:37:26.925Z [main] JuojApplication - No active profile set, falling back to default profiles: default
 - [INFO ] 2020-11-11T14:37:29.797Z [main] TomcatWebServer - Tomcat initialized with port(s): 8080 (http)
 - [INFO ] 2020-11-11T14:37:29.828Z [main] Http11NioProtocol - Initializing ProtocolHandler ["http-nio-8080"]
 - [INFO ] 2020-11-11T14:37:29.828Z [main] StandardService - Starting service [Tomcat]
 - [INFO ] 2020-11-11T14:37:29.828Z [main] StandardEngine - Starting Servlet engine: [Apache Tomcat/9.0.39]
 - [INFO ] 2020-11-11T14:37:29.969Z [main] [/] - Initializing Spring embedded WebApplicationContext
 - [INFO ] 2020-11-11T14:37:29.969Z [main] ServletWebServerApplicationContext - Root WebApplicationContext: initialization completed in 2982 ms
 - [INFO ] 2020-11-11T14:37:30.488Z [main] ThreadPoolTaskExecutor - Initializing ExecutorService 'applicationTaskExecutor'
 - [INFO ] 2020-11-11T14:37:31.144Z [main] EndpointLinksResolver - Exposing 2 endpoint(s) beneath base path '/actuator'
 - [INFO ] 2020-11-11T14:37:31.175Z [main] Http11NioProtocol - Starting ProtocolHandler ["http-nio-8080"]
 - [WARN ] 2020-11-11T14:37:31.191Z [main] AnnotationConfigServletWebServerApplicationContext - Exception encountered during context initialization - cancelling refresh attempt: org.springframework.context.ApplicationContextException: Failed to start bean 'webServerStartStop'; nested exception is org.springframework.boot.web.server.PortInUseException: Port 8080 is already in use
 - [INFO ] 2020-11-11T14:37:31.206Z [main] ThreadPoolTaskExecutor - Shutting down ExecutorService 'applicationTaskExecutor'
 - [INFO ] 2020-11-11T14:37:31.206Z [main] Http11NioProtocol - Pausing ProtocolHandler ["http-nio-8080"]
 - [INFO ] 2020-11-11T14:37:31.206Z [main] StandardService - Stopping service [Tomcat]
 - [INFO ] 2020-11-11T14:37:31.206Z [main] Http11NioProtocol - Stopping ProtocolHandler ["http-nio-8080"]
 - [INFO ] 2020-11-11T14:37:31.222Z [main] Http11NioProtocol - Destroying ProtocolHandler ["http-nio-8080"]
 - [INFO ] 2020-11-11T14:37:31.238Z [main] ConditionEvaluationReportLoggingListener - 

Error starting ApplicationContext. To display the conditions report re-run your application with 'debug' enabled.
 - [ERROR] 2020-11-11T14:37:31.238Z [main] LoggingFailureAnalysisReporter - 

***************************
APPLICATION FAILED TO START
***************************

Description:

Web server failed to start. Port 8080 was already in use.

Action:

Identify and stop the process that's listening on port 8080 or configure this application to listen on another port.

 - [INFO ] 2020-11-11T14:38:59.616Z [main] JuojApplication - Starting JuojApplication on LAPTOP-K6PFB38N with PID 8316 (C:\Users\skdav\OneDrive\Desktop\work\juoj\target\classes started by skdav in C:\Users\skdav\OneDrive\Desktop\work\juoj)
 - [INFO ] 2020-11-11T14:38:59.631Z [main] JuojApplication - No active profile set, falling back to default profiles: default
 - [INFO ] 2020-11-11T14:39:01.178Z [main] TomcatWebServer - Tomcat initialized with port(s): 8080 (http)
 - [INFO ] 2020-11-11T14:39:01.194Z [main] Http11NioProtocol - Initializing ProtocolHandler ["http-nio-8080"]
 - [INFO ] 2020-11-11T14:39:01.194Z [main] StandardService - Starting service [Tomcat]
 - [INFO ] 2020-11-11T14:39:01.194Z [main] StandardEngine - Starting Servlet engine: [Apache Tomcat/9.0.39]
 - [INFO ] 2020-11-11T14:39:01.319Z [main] [/] - Initializing Spring embedded WebApplicationContext
 - [INFO ] 2020-11-11T14:39:01.319Z [main] ServletWebServerApplicationContext - Root WebApplicationContext: initialization completed in 1641 ms
 - [INFO ] 2020-11-11T14:39:01.647Z [main] ThreadPoolTaskExecutor - Initializing ExecutorService 'applicationTaskExecutor'
 - [INFO ] 2020-11-11T14:39:01.975Z [main] EndpointLinksResolver - Exposing 2 endpoint(s) beneath base path '/actuator'
 - [INFO ] 2020-11-11T14:39:02.006Z [main] Http11NioProtocol - Starting ProtocolHandler ["http-nio-8080"]
 - [INFO ] 2020-11-11T14:39:02.053Z [main] TomcatWebServer - Tomcat started on port(s): 8080 (http) with context path ''
 - [INFO ] 2020-11-11T14:39:02.100Z [main] JuojApplication - Started JuojApplication in 2.867 seconds (JVM running for 4.195)
